Added Component: Designator=U3(QFN64 8x8_L)
Added Pin To Net: NetName=F1_IO6 Pin=U3-1
Added Pin To Net: NetName=F1_IO7 Pin=U3-2
Added Pin To Net: NetName=GND Pin=U3-3
Added Pin To Net: NetName=GND Pin=U3-4
Added Pin To Net: NetName=1.2V Pin=U3-6
Added Pin To Net: NetName=GND Pin=U3-7
Added Pin To Net: NetName=RST Pin=U3-8
Added Pin To Net: NetName=LED_0 Pin=U3-9
Added Pin To Net: NetName=F0_WEn Pin=U3-10
Added Pin To Net: NetName=F0_REn Pin=U3-11
Added Pin To Net: NetName=F0_CLE Pin=U3-12
Added Pin To Net: NetName=F0_ALE Pin=U3-13
Added Pin To Net: NetName=3.3V Pin=U3-14
Added Pin To Net: NetName=F1_WEn Pin=U3-15
Added Pin To Net: NetName=F1_REn Pin=U3-16
Added Pin To Net: NetName=F1_CLE Pin=U3-17
Added Pin To Net: NetName=F1_ALE Pin=U3-18
Added Pin To Net: NetName=F_WPn Pin=U3-19
Added Pin To Net: NetName=F0_CE0n Pin=U3-20
Added Pin To Net: NetName=F0_CE1n Pin=U3-21
Added Pin To Net: NetName=F0_CE2n Pin=U3-22
Added Pin To Net: NetName=F0_CE3n Pin=U3-23
Added Pin To Net: NetName=3.3V Pin=U3-24
Added Pin To Net: NetName=F1_CE0n Pin=U3-25
Added Pin To Net: NetName=F1_CE1n Pin=U3-26
Added Pin To Net: NetName=F1_CE2n Pin=U3-27
Added Pin To Net: NetName=F1_CE3n Pin=U3-28
Added Pin To Net: NetName=1.2V Pin=U3-29
Added Pin To Net: NetName=OSCIO Pin=U3-34
Added Pin To Net: NetName=OSCIN Pin=U3-35
Added Pin To Net: NetName=DP Pin=U3-36
Added Pin To Net: NetName=DM Pin=U3-37
Added Pin To Net: NetName=3.3V Pin=U3-38
Added Pin To Net: NetName=SSTXM Pin=U3-39
Added Pin To Net: NetName=SSTXP Pin=U3-40
Added Pin To Net: NetName=1.2V Pin=U3-41
Added Pin To Net: NetName=SSRXM Pin=U3-42
Added Pin To Net: NetName=SSRXP Pin=U3-43
Added Pin To Net: NetName=GND Pin=U3-44
Added Pin To Net: NetName=MODE_1 Pin=U3-45
Added Pin To Net: NetName=F0_DQS Pin=U3-46
Added Pin To Net: NetName=F0_IO0 Pin=U3-47
Added Pin To Net: NetName=F0_IO1 Pin=U3-48
Added Pin To Net: NetName=F0_IO2 Pin=U3-49
Added Pin To Net: NetName=F0_IO3 Pin=U3-50
Added Pin To Net: NetName=3.3V Pin=U3-51
Added Pin To Net: NetName=F0_IO4 Pin=U3-52
Added Pin To Net: NetName=F0_IO5 Pin=U3-53
Added Pin To Net: NetName=F0_IO6 Pin=U3-54
Added Pin To Net: NetName=F0_IO7 Pin=U3-55
Added Pin To Net: NetName=1.2V Pin=U3-56
Added Pin To Net: NetName=F1_DQS Pin=U3-57
Added Pin To Net: NetName=F1_IO0 Pin=U3-58
Added Pin To Net: NetName=F1_IO1 Pin=U3-59
Added Pin To Net: NetName=F1_IO2 Pin=U3-60
Added Pin To Net: NetName=F1_IO3 Pin=U3-61
Added Pin To Net: NetName=3.3V Pin=U3-62
Added Pin To Net: NetName=F1_IO4 Pin=U3-63
Added Pin To Net: NetName=F1_IO5 Pin=U3-64
Added Pin To Net: NetName=GND Pin=U3-65
