Added Component: Designator=U1(BGA152)
Added Component: Designator=U2(BGA152)
Added Pin To Net: NetName=3.3V Pin=U1-D3
Added Pin To Net: NetName=3.3V Pin=U1-D4
Added Pin To Net: NetName=F1_IO3 Pin=U1-D5
Added Pin To Net: NetName=GND Pin=U1-D6
Added Pin To Net: NetName=3.3V Pin=U1-D8
Added Pin To Net: NetName=F1_IO4 Pin=U1-D9
Added Pin To Net: NetName=3.3V Pin=U1-D10
Added Pin To Net: NetName=3.3V Pin=U1-D11
Added Pin To Net: NetName=GND Pin=U1-E3
Added Pin To Net: NetName=F1_IO2 Pin=U1-E4
Added Pin To Net: NetName=GND Pin=U1-E5
Added Pin To Net: NetName=F1_DQS Pin=U1-E6
Added Pin To Net: NetName=F1_REn Pin=U1-E8
Added Pin To Net: NetName=GND Pin=U1-E9
Added Pin To Net: NetName=F1_IO5 Pin=U1-E10
Added Pin To Net: NetName=GND Pin=U1-E11
Added Pin To Net: NetName=F1_IO0 Pin=U1-F3
Added Pin To Net: NetName=F1_IO1 Pin=U1-F4
Added Pin To Net: NetName=F1_WEn Pin=U1-F8
Added Pin To Net: NetName=F1_IO6 Pin=U1-F10
Added Pin To Net: NetName=F1_IO7 Pin=U1-F11
Added Pin To Net: NetName=GND Pin=U1-G3
Added Pin To Net: NetName=3.3V Pin=U1-G4
Added Pin To Net: NetName=F1_ALE Pin=U1-G5
Added Pin To Net: NetName=F1_CLE Pin=U1-G6
Added Pin To Net: NetName=NetR4_1 Pin=U1-G8
Added Pin To Net: NetName=NetR5_1 Pin=U1-G9
Added Pin To Net: NetName=3.3V Pin=U1-G10
Added Pin To Net: NetName=GND Pin=U1-G11
Added Pin To Net: NetName=F_WPn Pin=U1-H5
Added Pin To Net: NetName=F1_CE1n Pin=U1-H8
Added Pin To Net: NetName=F1_CE0n Pin=U1-H9
Added Pin To Net: NetName=VSS_1 Pin=U1-H11
Added Pin To Net: NetName=GND Pin=U1-J3
Added Pin To Net: NetName=3.3V Pin=U1-J4
Added Pin To Net: NetName=F_R/Bn Pin=U1-J5
Added Pin To Net: NetName=F_R/Bn Pin=U1-J6
Added Pin To Net: NetName=F_R/Bn Pin=U1-J8
Added Pin To Net: NetName=F_R/Bn Pin=U1-J9
Added Pin To Net: NetName=3.3V Pin=U1-J10
Added Pin To Net: NetName=GND Pin=U1-J11
Added Pin To Net: NetName=VSS_1 Pin=U1-K3
Added Pin To Net: NetName=F0_CE0n Pin=U1-K5
Added Pin To Net: NetName=F0_CE1n Pin=U1-K6
Added Pin To Net: NetName=F_WPn Pin=U1-K9
Added Pin To Net: NetName=VSS_1 Pin=U1-K10
Added Pin To Net: NetName=GND Pin=U1-L3
Added Pin To Net: NetName=3.3V Pin=U1-L4
Added Pin To Net: NetName=NetR6_2 Pin=U1-L5
Added Pin To Net: NetName=NetR7_2 Pin=U1-L6
Added Pin To Net: NetName=F0_CLE Pin=U1-L8
Added Pin To Net: NetName=F0_ALE Pin=U1-L9
Added Pin To Net: NetName=3.3V Pin=U1-L10
Added Pin To Net: NetName=GND Pin=U1-L11
Added Pin To Net: NetName=F0_IO7 Pin=U1-M3
Added Pin To Net: NetName=F0_IO6 Pin=U1-M4
Added Pin To Net: NetName=F0_WEn Pin=U1-M6
Added Pin To Net: NetName=F0_IO1 Pin=U1-M10
Added Pin To Net: NetName=F0_IO0 Pin=U1-M11
Added Pin To Net: NetName=GND Pin=U1-N3
Added Pin To Net: NetName=F0_IO5 Pin=U1-N4
Added Pin To Net: NetName=GND Pin=U1-N5
Added Pin To Net: NetName=F0_REn Pin=U1-N6
Added Pin To Net: NetName=F0_DQS Pin=U1-N8
Added Pin To Net: NetName=GND Pin=U1-N9
Added Pin To Net: NetName=F0_IO2 Pin=U1-N10
Added Pin To Net: NetName=GND Pin=U1-N11
Added Pin To Net: NetName=3.3V Pin=U1-P3
Added Pin To Net: NetName=3.3V Pin=U1-P4
Added Pin To Net: NetName=F0_IO4 Pin=U1-P5
Added Pin To Net: NetName=3.3V Pin=U1-P6
Added Pin To Net: NetName=GND Pin=U1-P8
Added Pin To Net: NetName=F0_IO3 Pin=U1-P9
Added Pin To Net: NetName=3.3V Pin=U1-P10
Added Pin To Net: NetName=3.3V Pin=U1-P11
Added Pin To Net: NetName=3.3V Pin=U2-D3
Added Pin To Net: NetName=3.3V Pin=U2-D4
Added Pin To Net: NetName=F0_IO3 Pin=U2-D5
Added Pin To Net: NetName=GND Pin=U2-D6
Added Pin To Net: NetName=3.3V Pin=U2-D8
Added Pin To Net: NetName=F0_IO4 Pin=U2-D9
Added Pin To Net: NetName=3.3V Pin=U2-D10
Added Pin To Net: NetName=3.3V Pin=U2-D11
Added Pin To Net: NetName=GND Pin=U2-E3
Added Pin To Net: NetName=F0_IO2 Pin=U2-E4
Added Pin To Net: NetName=GND Pin=U2-E5
Added Pin To Net: NetName=F0_DQS Pin=U2-E6
Added Pin To Net: NetName=F0_REn Pin=U2-E8
Added Pin To Net: NetName=GND Pin=U2-E9
Added Pin To Net: NetName=F0_IO5 Pin=U2-E10
Added Pin To Net: NetName=GND Pin=U2-E11
Added Pin To Net: NetName=F0_IO0 Pin=U2-F3
Added Pin To Net: NetName=F0_IO1 Pin=U2-F4
Added Pin To Net: NetName=F0_WEn Pin=U2-F8
Added Pin To Net: NetName=F0_IO6 Pin=U2-F10
Added Pin To Net: NetName=F0_IO7 Pin=U2-F11
Added Pin To Net: NetName=GND Pin=U2-G3
Added Pin To Net: NetName=3.3V Pin=U2-G4
Added Pin To Net: NetName=F0_ALE Pin=U2-G5
Added Pin To Net: NetName=F0_CLE Pin=U2-G6
Added Pin To Net: NetName=3.3V Pin=U2-G10
Added Pin To Net: NetName=GND Pin=U2-G11
Added Pin To Net: NetName=F_WPn Pin=U2-H5
Added Pin To Net: NetName=F0_CE3n Pin=U2-H8
Added Pin To Net: NetName=F0_CE2n Pin=U2-H9
Added Pin To Net: NetName=GND Pin=U2-J3
Added Pin To Net: NetName=3.3V Pin=U2-J4
Added Pin To Net: NetName=F_R/Bn Pin=U2-J5
Added Pin To Net: NetName=F_R/Bn Pin=U2-J6
Added Pin To Net: NetName=F_R/Bn Pin=U2-J8
Added Pin To Net: NetName=F_R/Bn Pin=U2-J9
Added Pin To Net: NetName=3.3V Pin=U2-J10
Added Pin To Net: NetName=GND Pin=U2-J11
Added Pin To Net: NetName=F1_CE2n Pin=U2-K5
Added Pin To Net: NetName=F1_CE3n Pin=U2-K6
Added Pin To Net: NetName=F_WPn Pin=U2-K9
Added Pin To Net: NetName=GND Pin=U2-L3
Added Pin To Net: NetName=3.3V Pin=U2-L4
Added Pin To Net: NetName=F1_CLE Pin=U2-L8
Added Pin To Net: NetName=F1_ALE Pin=U2-L9
Added Pin To Net: NetName=3.3V Pin=U2-L10
Added Pin To Net: NetName=GND Pin=U2-L11
Added Pin To Net: NetName=F1_IO7 Pin=U2-M3
Added Pin To Net: NetName=F1_IO6 Pin=U2-M4
Added Pin To Net: NetName=F1_WEn Pin=U2-M6
Added Pin To Net: NetName=F1_IO1 Pin=U2-M10
Added Pin To Net: NetName=F1_IO0 Pin=U2-M11
Added Pin To Net: NetName=GND Pin=U2-N3
Added Pin To Net: NetName=F1_IO5 Pin=U2-N4
Added Pin To Net: NetName=GND Pin=U2-N5
Added Pin To Net: NetName=F1_REn Pin=U2-N6
Added Pin To Net: NetName=F1_DQS Pin=U2-N8
Added Pin To Net: NetName=GND Pin=U2-N9
Added Pin To Net: NetName=F1_IO2 Pin=U2-N10
Added Pin To Net: NetName=GND Pin=U2-N11
Added Pin To Net: NetName=3.3V Pin=U2-P3
Added Pin To Net: NetName=3.3V Pin=U2-P4
Added Pin To Net: NetName=F1_IO4 Pin=U2-P5
Added Pin To Net: NetName=3.3V Pin=U2-P6
Added Pin To Net: NetName=GND Pin=U2-P8
Added Pin To Net: NetName=F1_IO3 Pin=U2-P9
Added Pin To Net: NetName=3.3V Pin=U2-P10
Added Pin To Net: NetName=3.3V Pin=U2-P11
